The system is: Linux - 3.10.0-1160.25.1.el7.x86_64 - x86_64
Compiling the CXX compiler identification source file "CMakeCXXCompilerId.cpp" succeeded.
Compiler: /ccc/products/gcc-9.1.0/bin/g++ 
Build flags: 
Id flags:  

The output was:
0


Compilation of the CXX compiler identification source "CMakeCXXCompilerId.cpp" produced "a.out"

The CXX compiler identification is GNU, found in "/cea/dsku/u-pong/temp1/b4/lemairen/Workspace/swan/swan/src-gen-interpreter/swan/build/CMakeFiles/3.15.1/CompilerIdCXX/a.out"

Determining if the CXX compiler works passed with the following output:
Change Dir: /cea/dsku/u-pong/temp1/b4/lemairen/Workspace/swan/swan/src-gen-interpreter/swan/build/CMakeFiles/CMakeTmp

Run Build Command(s):/usr/bin/gmake cmTC_adcc6/fast && /usr/bin/gmake -f CMakeFiles/cmTC_adcc6.dir/build.make CMakeFiles/cmTC_adcc6.dir/build
gmake[1] : on entre dans le répertoire « /cea/dsku/u-pong/temp1/b4/lemairen/Workspace/swan/swan/src-gen-interpreter/swan/build/CMakeFiles/CMakeTmp »
Building CXX object CMakeFiles/cmTC_adcc6.dir/testCXXCompiler.cxx.o
/ccc/products/gcc-9.1.0/bin/g++     -o CMakeFiles/cmTC_adcc6.dir/testCXXCompiler.cxx.o -c /cea/dsku/u-pong/temp1/b4/lemairen/Workspace/swan/swan/src-gen-interpreter/swan/build/CMakeFiles/CMakeTmp/testCXXCompiler.cxx
Linking CXX executable cmTC_adcc6
/ccc/products1/cmake-3.15.1/RedHat-7-x86_64/bin/cmake -E cmake_link_script CMakeFiles/cmTC_adcc6.dir/link.txt --verbose=1
/ccc/products/gcc-9.1.0/bin/g++       CMakeFiles/cmTC_adcc6.dir/testCXXCompiler.cxx.o  -o cmTC_adcc6 
gmake[1] : on quitte le répertoire « /cea/dsku/u-pong/temp1/b4/lemairen/Workspace/swan/swan/src-gen-interpreter/swan/build/CMakeFiles/CMakeTmp »



Detecting CXX compiler ABI info compiled with the following output:
Change Dir: /cea/dsku/u-pong/temp1/b4/lemairen/Workspace/swan/swan/src-gen-interpreter/swan/build/CMakeFiles/CMakeTmp

Run Build Command(s):/usr/bin/gmake cmTC_df83d/fast && /usr/bin/gmake -f CMakeFiles/cmTC_df83d.dir/build.make CMakeFiles/cmTC_df83d.dir/build
gmake[1]: Entering directory `/cea/dsku/u-pong/temp1/b4/lemairen/Workspace/swan/swan/src-gen-interpreter/swan/build/CMakeFiles/CMakeTmp'
Building CXX object CMakeFiles/cmTC_df83d.dir/CMakeCXXCompilerABI.cpp.o
/ccc/products/gcc-9.1.0/bin/g++    -v -o CMakeFiles/cmTC_df83d.dir/CMakeCXXCompilerABI.cpp.o -c /ccc/products1/cmake-3.15.1/RedHat-7-x86_64/share/cmake-3.15/Modules/CMakeCXXCompilerABI.cpp
Using built-in specs.
COLLECT_GCC=/ccc/products/gcc-9.1.0/bin/g++
Target: x86_64-pc-linux-gnu
Configured with: ./configure --prefix=/ccc/products1/gcc-9.1.0/RedHat-7-x86_64
Thread model: posix
gcc version 9.1.0 (GCC) 
COLLECT_GCC_OPTIONS='-v' '-o' 'CMakeFiles/cmTC_df83d.dir/CMakeCXXCompilerABI.cpp.o' '-c' '-shared-libgcc' '-mtune=generic' '-march=x86-64'
 /ccc/products1/gcc-9.1.0/RedHat-7-x86_64/libexec/gcc/x86_64-pc-linux-gnu/9.1.0/cc1plus -quiet -v -D_GNU_SOURCE /ccc/products1/cmake-3.15.1/RedHat-7-x86_64/share/cmake-3.15/Modules/CMakeCXXCompilerABI.cpp -quiet -dumpbase CMakeCXXCompilerABI.cpp -mtune=generic -march=x86-64 -auxbase-strip CMakeFiles/cmTC_df83d.dir/CMakeCXXCompilerABI.cpp.o -version -o /tmp/ccrI7zJU.s
GNU C++14 (GCC) version 9.1.0 (x86_64-pc-linux-gnu)
	compiled by GNU C version 9.1.0, GMP version 6.0.0, MPFR version 3.1.1, MPC version 1.0.1, isl version none
GGC heuristics: --param ggc-min-expand=100 --param ggc-min-heapsize=131072
ignoring nonexistent directory "/ccc/products1/gcc-9.1.0/RedHat-7-x86_64/lib/gcc/x86_64-pc-linux-gnu/9.1.0/../../../../x86_64-pc-linux-gnu/include"
#include "..." search starts here:
#include <...> search starts here:
 /ccc/products1/gcc-9.1.0/RedHat-7-x86_64/lib/gcc/x86_64-pc-linux-gnu/9.1.0/../../../../include/c++/9.1.0
 /ccc/products1/gcc-9.1.0/RedHat-7-x86_64/lib/gcc/x86_64-pc-linux-gnu/9.1.0/../../../../include/c++/9.1.0/x86_64-pc-linux-gnu
 /ccc/products1/gcc-9.1.0/RedHat-7-x86_64/lib/gcc/x86_64-pc-linux-gnu/9.1.0/../../../../include/c++/9.1.0/backward
 /ccc/products1/gcc-9.1.0/RedHat-7-x86_64/lib/gcc/x86_64-pc-linux-gnu/9.1.0/include
 /usr/local/include
 /ccc/products1/gcc-9.1.0/RedHat-7-x86_64/include
 /ccc/products1/gcc-9.1.0/RedHat-7-x86_64/lib/gcc/x86_64-pc-linux-gnu/9.1.0/include-fixed
 /usr/include
End of search list.
GNU C++14 (GCC) version 9.1.0 (x86_64-pc-linux-gnu)
	compiled by GNU C version 9.1.0, GMP version 6.0.0, MPFR version 3.1.1, MPC version 1.0.1, isl version none
GGC heuristics: --param ggc-min-expand=100 --param ggc-min-heapsize=131072
Compiler executable checksum: 4420920fb3d53691b1ac7c2df056f041
COLLECT_GCC_OPTIONS='-v' '-o' 'CMakeFiles/cmTC_df83d.dir/CMakeCXXCompilerABI.cpp.o' '-c' '-shared-libgcc' '-mtune=generic' '-march=x86-64'
 as -v --64 -o CMakeFiles/cmTC_df83d.dir/CMakeCXXCompilerABI.cpp.o /tmp/ccrI7zJU.s
GNU assembler version 2.27 (x86_64-redhat-linux) using BFD version version 2.27-44.base.el7
COMPILER_PATH=/ccc/products1/gcc-9.1.0/RedHat-7-x86_64/libexec/gcc/x86_64-pc-linux-gnu/9.1.0/:/ccc/products1/gcc-9.1.0/RedHat-7-x86_64/libexec/gcc/x86_64-pc-linux-gnu/9.1.0/:/ccc/products1/gcc-9.1.0/RedHat-7-x86_64/libexec/gcc/x86_64-pc-linux-gnu/:/ccc/products1/gcc-9.1.0/RedHat-7-x86_64/lib/gcc/x86_64-pc-linux-gnu/9.1.0/:/ccc/products1/gcc-9.1.0/RedHat-7-x86_64/lib/gcc/x86_64-pc-linux-gnu/
LIBRARY_PATH=/ccc/products1/gcc-9.1.0/RedHat-7-x86_64/lib/gcc/x86_64-pc-linux-gnu/9.1.0/:/ccc/products1/gcc-9.1.0/RedHat-7-x86_64/lib/gcc/x86_64-pc-linux-gnu/9.1.0/../../../../lib64/:/lib/../lib64/:/usr/lib/../lib64/:/ccc/products1/gcc-9.1.0/RedHat-7-x86_64/lib/gcc/x86_64-pc-linux-gnu/9.1.0/../../../:/lib/:/usr/lib/
COLLECT_GCC_OPTIONS='-v' '-o' 'CMakeFiles/cmTC_df83d.dir/CMakeCXXCompilerABI.cpp.o' '-c' '-shared-libgcc' '-mtune=generic' '-march=x86-64'
Linking CXX executable cmTC_df83d
/ccc/products1/cmake-3.15.1/RedHat-7-x86_64/bin/cmake -E cmake_link_script CMakeFiles/cmTC_df83d.dir/link.txt --verbose=1
/ccc/products/gcc-9.1.0/bin/g++      -v CMakeFiles/cmTC_df83d.dir/CMakeCXXCompilerABI.cpp.o  -o cmTC_df83d 
Using built-in specs.
COLLECT_GCC=/ccc/products/gcc-9.1.0/bin/g++
COLLECT_LTO_WRAPPER=/ccc/products1/gcc-9.1.0/RedHat-7-x86_64/libexec/gcc/x86_64-pc-linux-gnu/9.1.0/lto-wrapper
Target: x86_64-pc-linux-gnu
Configured with: ./configure --prefix=/ccc/products1/gcc-9.1.0/RedHat-7-x86_64
Thread model: posix
gcc version 9.1.0 (GCC) 
COMPILER_PATH=/ccc/products1/gcc-9.1.0/RedHat-7-x86_64/libexec/gcc/x86_64-pc-linux-gnu/9.1.0/:/ccc/products1/gcc-9.1.0/RedHat-7-x86_64/libexec/gcc/x86_64-pc-linux-gnu/9.1.0/:/ccc/products1/gcc-9.1.0/RedHat-7-x86_64/libexec/gcc/x86_64-pc-linux-gnu/:/ccc/products1/gcc-9.1.0/RedHat-7-x86_64/lib/gcc/x86_64-pc-linux-gnu/9.1.0/:/ccc/products1/gcc-9.1.0/RedHat-7-x86_64/lib/gcc/x86_64-pc-linux-gnu/
LIBRARY_PATH=/ccc/products1/gcc-9.1.0/RedHat-7-x86_64/lib/gcc/x86_64-pc-linux-gnu/9.1.0/:/ccc/products1/gcc-9.1.0/RedHat-7-x86_64/lib/gcc/x86_64-pc-linux-gnu/9.1.0/../../../../lib64/:/lib/../lib64/:/usr/lib/../lib64/:/ccc/products1/gcc-9.1.0/RedHat-7-x86_64/lib/gcc/x86_64-pc-linux-gnu/9.1.0/../../../:/lib/:/usr/lib/
COLLECT_GCC_OPTIONS='-v' '-o' 'cmTC_df83d' '-shared-libgcc' '-mtune=generic' '-march=x86-64'
 /ccc/products1/gcc-9.1.0/RedHat-7-x86_64/libexec/gcc/x86_64-pc-linux-gnu/9.1.0/collect2 -plugin /ccc/products1/gcc-9.1.0/RedHat-7-x86_64/libexec/gcc/x86_64-pc-linux-gnu/9.1.0/liblto_plugin.so -plugin-opt=/ccc/products1/gcc-9.1.0/RedHat-7-x86_64/libexec/gcc/x86_64-pc-linux-gnu/9.1.0/lto-wrapper -plugin-opt=-fresolution=/tmp/ccBfTInP.res -plugin-opt=-pass-through=-lgcc_s -plugin-opt=-pass-through=-lgcc -plugin-opt=-pass-through=-lc -plugin-opt=-pass-through=-lgcc_s -plugin-opt=-pass-through=-lgcc --eh-frame-hdr -m elf_x86_64 -dynamic-linker /lib64/ld-linux-x86-64.so.2 -o cmTC_df83d /lib/../lib64/crt1.o /lib/../lib64/crti.o /ccc/products1/gcc-9.1.0/RedHat-7-x86_64/lib/gcc/x86_64-pc-linux-gnu/9.1.0/crtbegin.o -L/ccc/products1/gcc-9.1.0/RedHat-7-x86_64/lib/gcc/x86_64-pc-linux-gnu/9.1.0 -L/ccc/products1/gcc-9.1.0/RedHat-7-x86_64/lib/gcc/x86_64-pc-linux-gnu/9.1.0/../../../../lib64 -L/lib/../lib64 -L/usr/lib/../lib64 -L/ccc/products1/gcc-9.1.0/RedHat-7-x86_64/lib/gcc/x86_64-pc-linux-gnu/9.1.0/../../.. CMakeFiles/cmTC_df83d.dir/CMakeCXXCompilerABI.cpp.o -lstdc++ -lm -lgcc_s -lgcc -lc -lgcc_s -lgcc /ccc/products1/gcc-9.1.0/RedHat-7-x86_64/lib/gcc/x86_64-pc-linux-gnu/9.1.0/crtend.o /lib/../lib64/crtn.o
COLLECT_GCC_OPTIONS='-v' '-o' 'cmTC_df83d' '-shared-libgcc' '-mtune=generic' '-march=x86-64'
gmake[1]: Leaving directory `/cea/dsku/u-pong/temp1/b4/lemairen/Workspace/swan/swan/src-gen-interpreter/swan/build/CMakeFiles/CMakeTmp'



Parsed CXX implicit include dir info from above output: rv=done
  found start of include info
  found start of implicit include info
    add: [/ccc/products1/gcc-9.1.0/RedHat-7-x86_64/lib/gcc/x86_64-pc-linux-gnu/9.1.0/../../../../include/c++/9.1.0]
    add: [/ccc/products1/gcc-9.1.0/RedHat-7-x86_64/lib/gcc/x86_64-pc-linux-gnu/9.1.0/../../../../include/c++/9.1.0/x86_64-pc-linux-gnu]
    add: [/ccc/products1/gcc-9.1.0/RedHat-7-x86_64/lib/gcc/x86_64-pc-linux-gnu/9.1.0/../../../../include/c++/9.1.0/backward]
    add: [/ccc/products1/gcc-9.1.0/RedHat-7-x86_64/lib/gcc/x86_64-pc-linux-gnu/9.1.0/include]
    add: [/usr/local/include]
    add: [/ccc/products1/gcc-9.1.0/RedHat-7-x86_64/include]
    add: [/ccc/products1/gcc-9.1.0/RedHat-7-x86_64/lib/gcc/x86_64-pc-linux-gnu/9.1.0/include-fixed]
    add: [/usr/include]
  end of search list found
  collapse include dir [/ccc/products1/gcc-9.1.0/RedHat-7-x86_64/lib/gcc/x86_64-pc-linux-gnu/9.1.0/../../../../include/c++/9.1.0] ==> [/ccc/products1/gcc-9.1.0/RedHat-7-x86_64/include/c++/9.1.0]
  collapse include dir [/ccc/products1/gcc-9.1.0/RedHat-7-x86_64/lib/gcc/x86_64-pc-linux-gnu/9.1.0/../../../../include/c++/9.1.0/x86_64-pc-linux-gnu] ==> [/ccc/products1/gcc-9.1.0/RedHat-7-x86_64/include/c++/9.1.0/x86_64-pc-linux-gnu]
  collapse include dir [/ccc/products1/gcc-9.1.0/RedHat-7-x86_64/lib/gcc/x86_64-pc-linux-gnu/9.1.0/../../../../include/c++/9.1.0/backward] ==> [/ccc/products1/gcc-9.1.0/RedHat-7-x86_64/include/c++/9.1.0/backward]
  collapse include dir [/ccc/products1/gcc-9.1.0/RedHat-7-x86_64/lib/gcc/x86_64-pc-linux-gnu/9.1.0/include] ==> [/ccc/products1/gcc-9.1.0/RedHat-7-x86_64/lib/gcc/x86_64-pc-linux-gnu/9.1.0/include]
  collapse include dir [/usr/local/include] ==> [/usr/local/include]
  collapse include dir [/ccc/products1/gcc-9.1.0/RedHat-7-x86_64/include] ==> [/ccc/products1/gcc-9.1.0/RedHat-7-x86_64/include]
  collapse include dir [/ccc/products1/gcc-9.1.0/RedHat-7-x86_64/lib/gcc/x86_64-pc-linux-gnu/9.1.0/include-fixed] ==> [/ccc/products1/gcc-9.1.0/RedHat-7-x86_64/lib/gcc/x86_64-pc-linux-gnu/9.1.0/include-fixed]
  collapse include dir [/usr/include] ==> [/usr/include]
  implicit include dirs: [/ccc/products1/gcc-9.1.0/RedHat-7-x86_64/include/c++/9.1.0;/ccc/products1/gcc-9.1.0/RedHat-7-x86_64/include/c++/9.1.0/x86_64-pc-linux-gnu;/ccc/products1/gcc-9.1.0/RedHat-7-x86_64/include/c++/9.1.0/backward;/ccc/products1/gcc-9.1.0/RedHat-7-x86_64/lib/gcc/x86_64-pc-linux-gnu/9.1.0/include;/usr/local/include;/ccc/products1/gcc-9.1.0/RedHat-7-x86_64/include;/ccc/products1/gcc-9.1.0/RedHat-7-x86_64/lib/gcc/x86_64-pc-linux-gnu/9.1.0/include-fixed;/usr/include]


Parsed CXX implicit link information from above output:
  link line regex: [^( *|.*[/\])(ld|CMAKE_LINK_STARTFILE-NOTFOUND|([^/\]+-)?ld|collect2)[^/\]*( |$)]
  ignore line: [Change Dir: /cea/dsku/u-pong/temp1/b4/lemairen/Workspace/swan/swan/src-gen-interpreter/swan/build/CMakeFiles/CMakeTmp]
  ignore line: []
  ignore line: [Run Build Command(s):/usr/bin/gmake cmTC_df83d/fast && /usr/bin/gmake -f CMakeFiles/cmTC_df83d.dir/build.make CMakeFiles/cmTC_df83d.dir/build]
  ignore line: [gmake[1]: Entering directory `/cea/dsku/u-pong/temp1/b4/lemairen/Workspace/swan/swan/src-gen-interpreter/swan/build/CMakeFiles/CMakeTmp']
  ignore line: [Building CXX object CMakeFiles/cmTC_df83d.dir/CMakeCXXCompilerABI.cpp.o]
  ignore line: [/ccc/products/gcc-9.1.0/bin/g++    -v -o CMakeFiles/cmTC_df83d.dir/CMakeCXXCompilerABI.cpp.o -c /ccc/products1/cmake-3.15.1/RedHat-7-x86_64/share/cmake-3.15/Modules/CMakeCXXCompilerABI.cpp]
  ignore line: [Using built-in specs.]
  ignore line: [COLLECT_GCC=/ccc/products/gcc-9.1.0/bin/g++]
  ignore line: [Target: x86_64-pc-linux-gnu]
  ignore line: [Configured with: ./configure --prefix=/ccc/products1/gcc-9.1.0/RedHat-7-x86_64]
  ignore line: [Thread model: posix]
  ignore line: [gcc version 9.1.0 (GCC) ]
  ignore line: [COLLECT_GCC_OPTIONS='-v' '-o' 'CMakeFiles/cmTC_df83d.dir/CMakeCXXCompilerABI.cpp.o' '-c' '-shared-libgcc' '-mtune=generic' '-march=x86-64']
  ignore line: [ /ccc/products1/gcc-9.1.0/RedHat-7-x86_64/libexec/gcc/x86_64-pc-linux-gnu/9.1.0/cc1plus -quiet -v -D_GNU_SOURCE /ccc/products1/cmake-3.15.1/RedHat-7-x86_64/share/cmake-3.15/Modules/CMakeCXXCompilerABI.cpp -quiet -dumpbase CMakeCXXCompilerABI.cpp -mtune=generic -march=x86-64 -auxbase-strip CMakeFiles/cmTC_df83d.dir/CMakeCXXCompilerABI.cpp.o -version -o /tmp/ccrI7zJU.s]
  ignore line: [GNU C++14 (GCC) version 9.1.0 (x86_64-pc-linux-gnu)]
  ignore line: [	compiled by GNU C version 9.1.0, GMP version 6.0.0, MPFR version 3.1.1, MPC version 1.0.1, isl version none]
  ignore line: [GGC heuristics: --param ggc-min-expand=100 --param ggc-min-heapsize=131072]
  ignore line: [ignoring nonexistent directory "/ccc/products1/gcc-9.1.0/RedHat-7-x86_64/lib/gcc/x86_64-pc-linux-gnu/9.1.0/../../../../x86_64-pc-linux-gnu/include"]
  ignore line: [#include "..." search starts here:]
  ignore line: [#include <...> search starts here:]
  ignore line: [ /ccc/products1/gcc-9.1.0/RedHat-7-x86_64/lib/gcc/x86_64-pc-linux-gnu/9.1.0/../../../../include/c++/9.1.0]
  ignore line: [ /ccc/products1/gcc-9.1.0/RedHat-7-x86_64/lib/gcc/x86_64-pc-linux-gnu/9.1.0/../../../../include/c++/9.1.0/x86_64-pc-linux-gnu]
  ignore line: [ /ccc/products1/gcc-9.1.0/RedHat-7-x86_64/lib/gcc/x86_64-pc-linux-gnu/9.1.0/../../../../include/c++/9.1.0/backward]
  ignore line: [ /ccc/products1/gcc-9.1.0/RedHat-7-x86_64/lib/gcc/x86_64-pc-linux-gnu/9.1.0/include]
  ignore line: [ /usr/local/include]
  ignore line: [ /ccc/products1/gcc-9.1.0/RedHat-7-x86_64/include]
  ignore line: [ /ccc/products1/gcc-9.1.0/RedHat-7-x86_64/lib/gcc/x86_64-pc-linux-gnu/9.1.0/include-fixed]
  ignore line: [ /usr/include]
  ignore line: [End of search list.]
  ignore line: [GNU C++14 (GCC) version 9.1.0 (x86_64-pc-linux-gnu)]
  ignore line: [	compiled by GNU C version 9.1.0, GMP version 6.0.0, MPFR version 3.1.1, MPC version 1.0.1, isl version none]
  ignore line: [GGC heuristics: --param ggc-min-expand=100 --param ggc-min-heapsize=131072]
  ignore line: [Compiler executable checksum: 4420920fb3d53691b1ac7c2df056f041]
  ignore line: [COLLECT_GCC_OPTIONS='-v' '-o' 'CMakeFiles/cmTC_df83d.dir/CMakeCXXCompilerABI.cpp.o' '-c' '-shared-libgcc' '-mtune=generic' '-march=x86-64']
  ignore line: [ as -v --64 -o CMakeFiles/cmTC_df83d.dir/CMakeCXXCompilerABI.cpp.o /tmp/ccrI7zJU.s]
  ignore line: [GNU assembler version 2.27 (x86_64-redhat-linux) using BFD version version 2.27-44.base.el7]
  ignore line: [COMPILER_PATH=/ccc/products1/gcc-9.1.0/RedHat-7-x86_64/libexec/gcc/x86_64-pc-linux-gnu/9.1.0/:/ccc/products1/gcc-9.1.0/RedHat-7-x86_64/libexec/gcc/x86_64-pc-linux-gnu/9.1.0/:/ccc/products1/gcc-9.1.0/RedHat-7-x86_64/libexec/gcc/x86_64-pc-linux-gnu/:/ccc/products1/gcc-9.1.0/RedHat-7-x86_64/lib/gcc/x86_64-pc-linux-gnu/9.1.0/:/ccc/products1/gcc-9.1.0/RedHat-7-x86_64/lib/gcc/x86_64-pc-linux-gnu/]
  ignore line: [LIBRARY_PATH=/ccc/products1/gcc-9.1.0/RedHat-7-x86_64/lib/gcc/x86_64-pc-linux-gnu/9.1.0/:/ccc/products1/gcc-9.1.0/RedHat-7-x86_64/lib/gcc/x86_64-pc-linux-gnu/9.1.0/../../../../lib64/:/lib/../lib64/:/usr/lib/../lib64/:/ccc/products1/gcc-9.1.0/RedHat-7-x86_64/lib/gcc/x86_64-pc-linux-gnu/9.1.0/../../../:/lib/:/usr/lib/]
  ignore line: [COLLECT_GCC_OPTIONS='-v' '-o' 'CMakeFiles/cmTC_df83d.dir/CMakeCXXCompilerABI.cpp.o' '-c' '-shared-libgcc' '-mtune=generic' '-march=x86-64']
  ignore line: [Linking CXX executable cmTC_df83d]
  ignore line: [/ccc/products1/cmake-3.15.1/RedHat-7-x86_64/bin/cmake -E cmake_link_script CMakeFiles/cmTC_df83d.dir/link.txt --verbose=1]
  ignore line: [/ccc/products/gcc-9.1.0/bin/g++      -v CMakeFiles/cmTC_df83d.dir/CMakeCXXCompilerABI.cpp.o  -o cmTC_df83d ]
  ignore line: [Using built-in specs.]
  ignore line: [COLLECT_GCC=/ccc/products/gcc-9.1.0/bin/g++]
  ignore line: [COLLECT_LTO_WRAPPER=/ccc/products1/gcc-9.1.0/RedHat-7-x86_64/libexec/gcc/x86_64-pc-linux-gnu/9.1.0/lto-wrapper]
  ignore line: [Target: x86_64-pc-linux-gnu]
  ignore line: [Configured with: ./configure --prefix=/ccc/products1/gcc-9.1.0/RedHat-7-x86_64]
  ignore line: [Thread model: posix]
  ignore line: [gcc version 9.1.0 (GCC) ]
  ignore line: [COMPILER_PATH=/ccc/products1/gcc-9.1.0/RedHat-7-x86_64/libexec/gcc/x86_64-pc-linux-gnu/9.1.0/:/ccc/products1/gcc-9.1.0/RedHat-7-x86_64/libexec/gcc/x86_64-pc-linux-gnu/9.1.0/:/ccc/products1/gcc-9.1.0/RedHat-7-x86_64/libexec/gcc/x86_64-pc-linux-gnu/:/ccc/products1/gcc-9.1.0/RedHat-7-x86_64/lib/gcc/x86_64-pc-linux-gnu/9.1.0/:/ccc/products1/gcc-9.1.0/RedHat-7-x86_64/lib/gcc/x86_64-pc-linux-gnu/]
  ignore line: [LIBRARY_PATH=/ccc/products1/gcc-9.1.0/RedHat-7-x86_64/lib/gcc/x86_64-pc-linux-gnu/9.1.0/:/ccc/products1/gcc-9.1.0/RedHat-7-x86_64/lib/gcc/x86_64-pc-linux-gnu/9.1.0/../../../../lib64/:/lib/../lib64/:/usr/lib/../lib64/:/ccc/products1/gcc-9.1.0/RedHat-7-x86_64/lib/gcc/x86_64-pc-linux-gnu/9.1.0/../../../:/lib/:/usr/lib/]
  ignore line: [COLLECT_GCC_OPTIONS='-v' '-o' 'cmTC_df83d' '-shared-libgcc' '-mtune=generic' '-march=x86-64']
  link line: [ /ccc/products1/gcc-9.1.0/RedHat-7-x86_64/libexec/gcc/x86_64-pc-linux-gnu/9.1.0/collect2 -plugin /ccc/products1/gcc-9.1.0/RedHat-7-x86_64/libexec/gcc/x86_64-pc-linux-gnu/9.1.0/liblto_plugin.so -plugin-opt=/ccc/products1/gcc-9.1.0/RedHat-7-x86_64/libexec/gcc/x86_64-pc-linux-gnu/9.1.0/lto-wrapper -plugin-opt=-fresolution=/tmp/ccBfTInP.res -plugin-opt=-pass-through=-lgcc_s -plugin-opt=-pass-through=-lgcc -plugin-opt=-pass-through=-lc -plugin-opt=-pass-through=-lgcc_s -plugin-opt=-pass-through=-lgcc --eh-frame-hdr -m elf_x86_64 -dynamic-linker /lib64/ld-linux-x86-64.so.2 -o cmTC_df83d /lib/../lib64/crt1.o /lib/../lib64/crti.o /ccc/products1/gcc-9.1.0/RedHat-7-x86_64/lib/gcc/x86_64-pc-linux-gnu/9.1.0/crtbegin.o -L/ccc/products1/gcc-9.1.0/RedHat-7-x86_64/lib/gcc/x86_64-pc-linux-gnu/9.1.0 -L/ccc/products1/gcc-9.1.0/RedHat-7-x86_64/lib/gcc/x86_64-pc-linux-gnu/9.1.0/../../../../lib64 -L/lib/../lib64 -L/usr/lib/../lib64 -L/ccc/products1/gcc-9.1.0/RedHat-7-x86_64/lib/gcc/x86_64-pc-linux-gnu/9.1.0/../../.. CMakeFiles/cmTC_df83d.dir/CMakeCXXCompilerABI.cpp.o -lstdc++ -lm -lgcc_s -lgcc -lc -lgcc_s -lgcc /ccc/products1/gcc-9.1.0/RedHat-7-x86_64/lib/gcc/x86_64-pc-linux-gnu/9.1.0/crtend.o /lib/../lib64/crtn.o]
    arg [/ccc/products1/gcc-9.1.0/RedHat-7-x86_64/libexec/gcc/x86_64-pc-linux-gnu/9.1.0/collect2] ==> ignore
    arg [-plugin] ==> ignore
    arg [/ccc/products1/gcc-9.1.0/RedHat-7-x86_64/libexec/gcc/x86_64-pc-linux-gnu/9.1.0/liblto_plugin.so] ==> ignore
    arg [-plugin-opt=/ccc/products1/gcc-9.1.0/RedHat-7-x86_64/libexec/gcc/x86_64-pc-linux-gnu/9.1.0/lto-wrapper] ==> ignore
    arg [-plugin-opt=-fresolution=/tmp/ccBfTInP.res] ==> ignore
    arg [-plugin-opt=-pass-through=-lgcc_s] ==> ignore
    arg [-plugin-opt=-pass-through=-lgcc] ==> ignore
    arg [-plugin-opt=-pass-through=-lc] ==> ignore
    arg [-plugin-opt=-pass-through=-lgcc_s] ==> ignore
    arg [-plugin-opt=-pass-through=-lgcc] ==> ignore
    arg [--eh-frame-hdr] ==> ignore
    arg [-m] ==> ignore
    arg [elf_x86_64] ==> ignore
    arg [-dynamic-linker] ==> ignore
    arg [/lib64/ld-linux-x86-64.so.2] ==> ignore
    arg [-o] ==> ignore
    arg [cmTC_df83d] ==> ignore
    arg [/lib/../lib64/crt1.o] ==> ignore
    arg [/lib/../lib64/crti.o] ==> ignore
    arg [/ccc/products1/gcc-9.1.0/RedHat-7-x86_64/lib/gcc/x86_64-pc-linux-gnu/9.1.0/crtbegin.o] ==> ignore
    arg [-L/ccc/products1/gcc-9.1.0/RedHat-7-x86_64/lib/gcc/x86_64-pc-linux-gnu/9.1.0] ==> dir [/ccc/products1/gcc-9.1.0/RedHat-7-x86_64/lib/gcc/x86_64-pc-linux-gnu/9.1.0]
    arg [-L/ccc/products1/gcc-9.1.0/RedHat-7-x86_64/lib/gcc/x86_64-pc-linux-gnu/9.1.0/../../../../lib64] ==> dir [/ccc/products1/gcc-9.1.0/RedHat-7-x86_64/lib/gcc/x86_64-pc-linux-gnu/9.1.0/../../../../lib64]
    arg [-L/lib/../lib64] ==> dir [/lib/../lib64]
    arg [-L/usr/lib/../lib64] ==> dir [/usr/lib/../lib64]
    arg [-L/ccc/products1/gcc-9.1.0/RedHat-7-x86_64/lib/gcc/x86_64-pc-linux-gnu/9.1.0/../../..] ==> dir [/ccc/products1/gcc-9.1.0/RedHat-7-x86_64/lib/gcc/x86_64-pc-linux-gnu/9.1.0/../../..]
    arg [CMakeFiles/cmTC_df83d.dir/CMakeCXXCompilerABI.cpp.o] ==> ignore
    arg [-lstdc++] ==> lib [stdc++]
    arg [-lm] ==> lib [m]
    arg [-lgcc_s] ==> lib [gcc_s]
    arg [-lgcc] ==> lib [gcc]
    arg [-lc] ==> lib [c]
    arg [-lgcc_s] ==> lib [gcc_s]
    arg [-lgcc] ==> lib [gcc]
    arg [/ccc/products1/gcc-9.1.0/RedHat-7-x86_64/lib/gcc/x86_64-pc-linux-gnu/9.1.0/crtend.o] ==> ignore
    arg [/lib/../lib64/crtn.o] ==> ignore
  collapse library dir [/ccc/products1/gcc-9.1.0/RedHat-7-x86_64/lib/gcc/x86_64-pc-linux-gnu/9.1.0] ==> [/ccc/products1/gcc-9.1.0/RedHat-7-x86_64/lib/gcc/x86_64-pc-linux-gnu/9.1.0]
  collapse library dir [/ccc/products1/gcc-9.1.0/RedHat-7-x86_64/lib/gcc/x86_64-pc-linux-gnu/9.1.0/../../../../lib64] ==> [/ccc/products1/gcc-9.1.0/RedHat-7-x86_64/lib64]
  collapse library dir [/lib/../lib64] ==> [/lib64]
  collapse library dir [/usr/lib/../lib64] ==> [/usr/lib64]
  collapse library dir [/ccc/products1/gcc-9.1.0/RedHat-7-x86_64/lib/gcc/x86_64-pc-linux-gnu/9.1.0/../../..] ==> [/ccc/products1/gcc-9.1.0/RedHat-7-x86_64/lib]
  implicit libs: [stdc++;m;gcc_s;gcc;c;gcc_s;gcc]
  implicit dirs: [/ccc/products1/gcc-9.1.0/RedHat-7-x86_64/lib/gcc/x86_64-pc-linux-gnu/9.1.0;/ccc/products1/gcc-9.1.0/RedHat-7-x86_64/lib64;/lib64;/usr/lib64;/ccc/products1/gcc-9.1.0/RedHat-7-x86_64/lib]
  implicit fwks: []


